<?xml version="1.0" encoding="UTF-8"?>
<testsuite name="org.example.MoneyOneParamAnnotationTest" tests="3" skipped="0" failures="0" errors="0" timestamp="2024-05-03T13:41:21" hostname="LAPTOP-AKEIRBSA" time="0.085">
  <properties/>
  <testcase name="[1] 10" classname="org.example.MoneyOneParamAnnotationTest" time="0.079"/>
  <testcase name="[2] 15" classname="org.example.MoneyOneParamAnnotationTest" time="0.001"/>
  <testcase name="[3] 50" classname="org.example.MoneyOneParamAnnotationTest" time="0.001"/>
  <system-out><![CDATA[]]></system-out>
  <system-err><![CDATA[]]></system-err>
</testsuite>
